<?xml version="1.0" encoding="UTF-8"?>
<!-- Generated by org.testng.reporters.JUnitReportReporter -->
<testsuite hostname="DESKTOP-L24K6OI" failures="0" tests="1" name="tests.LoginTest" time="5.213" errors="0" timestamp="2024-08-06T18:04:04 IST" skipped="0">
  <testcase classname="tests.LoginTest" name="clickonclose" time="5.213"/>
  <system-out/>
</testsuite> <!-- tests.LoginTest -->
