<?xml version="1.0" encoding="UTF-8"?>
<!-- Generated by org.testng.reporters.JUnitReportReporter -->
<testsuite hostname="DESKTOP-L24K6OI" failures="0" tests="1" name="baselibrary.Baselibrary" time="53.297" errors="0" timestamp="2024-10-09T22:11:08 IST" skipped="0">
  <testcase classname="baselibrary.Baselibrary" name="launchurl" time="53.297"/>
  <system-out/>
</testsuite> <!-- baselibrary.Baselibrary -->
