<?xml version="1.0" encoding="UTF-8"?>
<!-- Generated by org.testng.reporters.JUnitReportReporter -->
<testsuite hostname="DESKTOP-L24K6OI" failures="0" tests="4" name="tests.NestedFrameTest" time="9.523" errors="0" timestamp="2024-09-18T21:46:20 IST" skipped="0">
  <testcase classname="tests.NestedFrameTest" name="close" time="5.153"/>
  <system-out/>
  <testcase classname="tests.NestedFrameTest" name="practice" time="2.706"/>
  <system-out/>
  <testcase classname="tests.NestedFrameTest" name="clickonalfrwd" time="0.162"/>
  <system-out/>
  <testcase classname="tests.NestedFrameTest" name="clickonnestedframe" time="1.502"/>
  <system-out/>
</testsuite> <!-- tests.NestedFrameTest -->
