<?xml version="1.0" encoding="UTF-8"?>
<!-- Generated by org.testng.reporters.JUnitReportReporter -->
<testsuite hostname="DESKTOP-L24K6OI" failures="0" tests="4" name="tests.LoginTest" time="9.213" errors="0" timestamp="2024-10-05T11:43:52 IST" skipped="0">
  <testcase classname="tests.LoginTest" name="clickonclose" time="5.916"/>
  <system-out/>
  <testcase classname="tests.LoginTest" name="clickonpractice" time="2.821"/>
  <system-out/>
  <testcase classname="tests.LoginTest" name="gettitleonpage" time="0.219"/>
  <system-out/>
  <testcase classname="tests.LoginTest" name="geturlofthecurrentpage" time="0.257"/>
  <system-out/>
</testsuite> <!-- tests.LoginTest -->
