<?xml version="1.0" encoding="UTF-8"?>
<!-- Generated by org.testng.reporters.JUnitReportReporter -->
<testsuite hostname="DESKTOP-L24K6OI" failures="0" tests="8" name="tests.AlertPageTest" time="15.411" errors="0" timestamp="2024-09-30T21:26:09 IST" skipped="0">
  <testcase classname="tests.AlertPageTest" name="close" time="5.162"/>
  <system-out/>
  <testcase classname="tests.AlertPageTest" name="practice" time="3.928"/>
  <system-out/>
  <testcase classname="tests.AlertPageTest" name="clickonalfrwd" time="0.135"/>
  <system-out/>
  <testcase classname="tests.AlertPageTest" name="clickonalets" time="0.153"/>
  <system-out/>
  <testcase classname="tests.AlertPageTest" name="clickonclickme" time="0.178"/>
  <system-out/>
  <testcase classname="tests.AlertPageTest" name="clickonclickmeafter5sec" time="5.448"/>
  <system-out/>
  <testcase classname="tests.AlertPageTest" name="confirmbutton" time="0.188"/>
  <system-out/>
  <testcase classname="tests.AlertPageTest" name="promptbuttonsendvalue" time="0.219"/>
  <system-out/>
</testsuite> <!-- tests.AlertPageTest -->
