<?xml version="1.0" encoding="UTF-8"?>
<!-- Generated by org.testng.reporters.JUnitReportReporter -->
<testsuite hostname="DESKTOP-L24K6OI" failures="0" tests="6" name="tests.WebTableTest" time="25.426" errors="0" timestamp="2024-09-03T21:18:49 IST" skipped="0">
  <testcase classname="tests.WebTableTest" name="close" time="5.122"/>
  <system-out/>
  <testcase classname="tests.WebTableTest" name="practice" time="3.039"/>
  <system-out/>
  <testcase classname="tests.WebTableTest" name="elements" time="0.113"/>
  <system-out/>
  <testcase classname="tests.WebTableTest" name="clickonwebtable" time="5.135"/>
  <system-out/>
  <testcase classname="tests.WebTableTest" name="fillsdetails" time="8.206"/>
  <system-out/>
  <testcase classname="tests.WebTableTest" name="updatedetails" time="3.811"/>
  <system-out/>
</testsuite> <!-- tests.WebTableTest -->
