<?xml version="1.0" encoding="UTF-8"?>
<!-- Generated by org.testng.reporters.JUnitReportReporter -->
<testsuite hostname="DESKTOP-L24K6OI" failures="0" tests="6" name="tests.UploadFileTest" time="14.015" errors="0" timestamp="2024-10-07T16:53:32 IST" skipped="0">
  <testcase classname="tests.UploadFileTest" name="close" time="6.269"/>
  <system-out/>
  <testcase classname="tests.UploadFileTest" name="practice" time="2.671"/>
  <system-out/>
  <testcase classname="tests.UploadFileTest" name="elements" time="0.351"/>
  <system-out/>
  <testcase classname="tests.UploadFileTest" name="uploadanddownload" time="0.736"/>
  <system-out/>
  <testcase classname="tests.UploadFileTest" name="choosefileforupload" time="1.090"/>
  <system-out/>
  <testcase classname="tests.UploadFileTest" name="uploadcopyfiles" time="2.898"/>
  <system-out/>
</testsuite> <!-- tests.UploadFileTest -->
