<?xml version="1.0" encoding="UTF-8"?>
<!-- Generated by org.testng.reporters.JUnitReportReporter -->
<testsuite hostname="DESKTOP-L24K6OI" failures="0" tests="7" name="tests.BrowseWindowTest" time="12.045" errors="0" timestamp="2024-09-16T18:21:53 IST" skipped="0">
  <testcase classname="tests.BrowseWindowTest" name="close" time="0.200"/>
  <system-out/>
  <testcase classname="tests.BrowseWindowTest" name="practice" time="2.122"/>
  <system-out/>
  <testcase classname="tests.BrowseWindowTest" name="clickonaltwind" time="0.310"/>
  <system-out/>
  <testcase classname="tests.BrowseWindowTest" name="clickonbroswind" time="0.480"/>
  <system-out/>
  <testcase classname="tests.BrowseWindowTest" name="clickonnewtab" time="2.649"/>
  <system-out/>
  <testcase classname="tests.BrowseWindowTest" name="clickonnewWindow" time="5.698"/>
  <system-out/>
  <testcase classname="tests.BrowseWindowTest" name="clickonnewWindowmessage" time="0.586"/>
  <system-out/>
</testsuite> <!-- tests.BrowseWindowTest -->
