<?xml version="1.0" encoding="UTF-8"?>
<!-- Generated by org.testng.reporters.JUnitReportReporter -->
<testsuite hostname="DESKTOP-L24K6OI" failures="0" tests="3" name="tests.TextboxTest" time="8.355" errors="0" timestamp="2024-09-24T22:50:07 IST" skipped="0">
  <testcase classname="tests.TextboxTest" name="close" time="5.160"/>
  <system-out/>
  <testcase classname="tests.TextboxTest" name="practice" time="3.017"/>
  <system-out/>
  <testcase classname="tests.TextboxTest" name="elements" time="0.178"/>
  <system-out/>
</testsuite> <!-- tests.TextboxTest -->
